<?xml version='1.0' encoding='UTF-8'?>
<testsuite hostname="LaptopLOQ" name="actors.SentimentActorTest" tests="3" errors="0" failures="0" skipped="0" time="1.188" timestamp="2024-11-28T16:01:27">
          <properties>
      <property name="awt.toolkit" value="sun.awt.windows.WToolkit"/><property name="java.specification.version" value="11"/><property name="sun.cpu.isalist" value="amd64"/><property name="sun.jnu.encoding" value="Cp1252"/><property name="sun.arch.data.model" value="64"/><property name="java.vendor.url" value="https://openjdk.java.net/"/><property name="sun.boot.library.path" value="C:\Program Files\Java\jdk-11\bin"/><property name="sun.java.command" value="xsbt.boot.Boot jacoco"/><property name="jdk.debug" value="release"/><property name="sun.stderr.encoding" value="cp437"/><property name="java.specification.vendor" value="Oracle Corporation"/><property name="java.version.date" value="2024-10-15"/><property name="java.home" value="C:\Program Files\Java\jdk-11"/><property name="file.separator" value="\"/><property name="java.vm.compressedOopsMode" value="32-bit"/><property name="line.separator" value="
"/><property name="sun.stdout.encoding" value="cp437"/><property name="java.specification.name" value="Java Platform API Specification"/><property name="java.vm.specification.vendor" value="Oracle Corporation"/><property name="user.script" value=""/><property name="sun.management.compiler" value="HotSpot 64-Bit Tiered Compilers"/><property name="java.runtime.version" value="11.0.25+9-LTS-256"/><property name="user.name" value="zheng"/><property name="log4j.ignoreTCL" value="true"/><property name="file.encoding" value="UTF-8"/><property name="jnidispatch.path" value="C:\Users\zheng\AppData\Local\Temp\jna-115868400\jna1030806241445416919.dll"/><property name="java.vendor.version" value="18.9"/><property name="jna.loaded" value="true"/><property name="java.io.tmpdir" value="C:\Users\zheng\AppData\Local\Temp\"/><property name="java.version" value="11.0.25"/><property name="java.vm.specification.name" value="Java Virtual Machine Specification"/><property name="java.awt.printerjob" value="sun.awt.windows.WPrinterJob"/><property name="sun.os.patch.level" value=""/><property name="java.library.path" value="C:\Program Files\Java\jdk-11\bin;C:\Windows\Sun\Java\bin;C:\Windows\system32;C:\Windows;C:\Program Files\Java\jdk-11\bin;C:\Program Files\NVIDIA GPU Computing Toolkit\CUDA\v12.6\bin;C:\Program Files\NVIDIA GPU Computing Toolkit\CUDA\v12.6\libnvvp;C:\Program Files\Common Files\Oracle\Java\javapath;C:\Windows\system32;C:\Windows;C:\Windows\System32\Wbem;C:\Windows\System32\WindowsPowerShell\v1.0\;C:\Windows\System32\OpenSSH\;C:\Program Files (x86)\NVIDIA Corporation\PhysX\Common;C:\Program Files\NVIDIA Corporation\NVIDIA NvDLISR;C:\Users\zheng\AppData\Roaming\Programs\Python\Python311;C:\Users\zheng\AppData\Roaming\Programs\Python\Python311\Scripts;C:\Program Files (x86)\sbt\bin;C:\Program Files\Git\cmd;C:\Program Files\Java\jdk-11;C:\Program Files\NVIDIA Corporation\Nsight Compute 2024.3.2\;C:\Users\zheng\AppData\Local\Programs\Python\Python39\;C:\Users\zheng\miniconda3;C:\Users\zheng\miniconda3\Library\mingw-w64\bin;C:\Users\zheng\miniconda3\Library\usr\bin;C:\Users\zheng\miniconda3\Library\bin;C:\Users\zheng\miniconda3\Scripts;C:\Users\zheng\AppData\Local\Microsoft\WindowsApps;C:\Users\zheng\AppData\Local\Programs\Python\Python311;C:\Users\zheng\AppData\Local\Programs\Python\Python311\Scripts;C:\texlive\2024\bin\windows;C:\Users\zheng\AppData\Local\Programs\Microsoft VS Code\bin;C:\Users\zheng\AppData\Local\GitHubDesktop\bin;."/><property name="java.vendor" value="Oracle Corporation"/><property name="java.specification.maintenance.version" value="3"/><property name="scala.ext.dirs" value="C:\Users\zheng\.sbt\1.0\java9-rt-ext-oracle_corporation_11_0_25"/><property name="sun.io.unicode.encoding" value="UnicodeLittle"/><property name="sun.desktop" value="windows"/><property name="java.class.path" value="C:\Program Files (x86)\sbt\\bin\sbt-launch.jar"/><property name="java.vm.vendor" value="Oracle Corporation"/><property name="user.variant" value=""/><property name="jline.shutdownhook" value="false"/><property name="user.timezone" value="America/Toronto"/><property name="os.name" value="Windows 11"/><property name="java.vm.specification.version" value="11"/><property name="sun.java.launcher" value="SUN_STANDARD"/><property name="user.country" value="CA"/><property name="sun.cpu.endian" value="little"/><property name="user.home" value="C:\Users\zheng"/><property name="user.language" value="en"/><property name="sbt.ipcsocket.tmpdir" value="C:\Users\zheng\AppData\Local\Temp\.sbt3f612545\ipcsocket"/><property name="swoval.tmpdir" value="C:\Users\zheng\AppData\Local\Temp\.sbt3f612545\swoval"/><property name="java.awt.graphicsenv" value="sun.awt.Win32GraphicsEnvironment"/><property name="jline.esc.timeout" value="0"/><property name="path.separator" value=";"/><property name="os.version" value="10.0"/><property name="jna.nosys" value="true"/><property name="java.runtime.name" value="Java(TM) SE Runtime Environment"/><property name="java.vm.name" value="Java HotSpot(TM) 64-Bit Server VM"/><property name="java.vendor.url.bug" value="https://bugreport.java.com/bugreport/"/><property name="user.dir" value="C:\Users\zheng\OneDrive\Desktop\CurrentSem\SOEN6441(AdvProgramPractice\SOEN-6441-Project"/><property name="os.arch" value="amd64"/><property name="java.vm.info" value="mixed mode"/><property name="java.vm.version" value="11.0.25+9-LTS-256"/><property name="java.class.version" value="55.0"/>
    </properties>
          <testcase classname="actors.SentimentActorTest" name="TestSentiment_Happy" time="1.127">
                      
                    </testcase><testcase classname="actors.SentimentActorTest" name="TestSentiment_Normal" time="0.03">
                      
                    </testcase><testcase classname="actors.SentimentActorTest" name="TestSentiment_Sad" time="0.031">
                      
                    </testcase>
          <system-out><![CDATA[]]></system-out>
          <system-err><![CDATA[]]></system-err>
        </testsuite>